<?xml version="1.0" encoding="UTF-8"?>
<testng-results skipped="0" failed="1" ignored="0" total="3" passed="2">
  <reporter-output>
  </reporter-output>
  <suite name="Suite" duration-ms="48819" started-at="2020-08-28T07:14:04Z" finished-at="2020-08-28T07:14:53Z">
    <groups>
    </groups>
    <test name="Validating test" duration-ms="33449" started-at="2020-08-28T07:14:04Z" finished-at="2020-08-28T07:14:38Z">
      <class name="Academy.ValidateTitle">
        <test-method status="PASS" signature="Initialize()[pri:0, instance:Academy.ValidateTitle@932bc4a]" name="Initialize" is-config="true" duration-ms="27162" started-at="2020-08-28T07:14:04Z" finished-at="2020-08-28T07:14:31Z">
          <reporter-output>
          </reporter-output>
        </test-method> <!-- Initialize -->
        <test-method status="FAIL" signature="basePage()[pri:0, instance:Academy.ValidateTitle@932bc4a]" name="basePage" duration-ms="289" started-at="2020-08-28T07:14:31Z" finished-at="2020-08-28T07:14:32Z">
          <exception class="java.lang.AssertionError">
            <message>
              <![CDATA[expected [An Academy to learn Everything about Testing] but found [AN ACADEMY TO LEARN EVERYTHING ABOUT TESTING]]]>
            </message>
            <full-stacktrace>
              <![CDATA[java.lang.AssertionError: expected [An Academy to learn Everything about Testing] but found [AN ACADEMY TO LEARN EVERYTHING ABOUT TESTING]
at org.testng.Assert.fail(Assert.java:96)
at org.testng.Assert.failNotEquals(Assert.java:776)
at org.testng.Assert.assertEqualsImpl(Assert.java:137)
at org.testng.Assert.assertEquals(Assert.java:118)
at org.testng.Assert.assertEquals(Assert.java:453)
at org.testng.Assert.assertEquals(Assert.java:463)
at Academy.ValidateTitle.basePage(ValidateTitle.java:40)
at sun.reflect.NativeMethodAccessorImpl.invoke0(Native Method)
at sun.reflect.NativeMethodAccessorImpl.invoke(NativeMethodAccessorImpl.java:62)
at sun.reflect.DelegatingMethodAccessorImpl.invoke(DelegatingMethodAccessorImpl.java:43)
at java.lang.reflect.Method.invoke(Method.java:498)
at org.testng.internal.MethodInvocationHelper.invokeMethod(MethodInvocationHelper.java:124)
at org.testng.internal.Invoker.invokeMethod(Invoker.java:583)
at org.testng.internal.Invoker.invokeTestMethod(Invoker.java:719)
at org.testng.internal.Invoker.invokeTestMethods(Invoker.java:989)
at org.testng.internal.TestMethodWorker.invokeTestMethods(TestMethodWorker.java:125)
at org.testng.internal.TestMethodWorker.run(TestMethodWorker.java:109)
at org.testng.TestRunner.privateRun(TestRunner.java:648)
at org.testng.TestRunner.run(TestRunner.java:505)
at org.testng.SuiteRunner.runTest(SuiteRunner.java:455)
at org.testng.SuiteRunner.access$000(SuiteRunner.java:40)
at org.testng.SuiteRunner$SuiteWorker.run(SuiteRunner.java:489)
at org.testng.internal.thread.ThreadUtil$1.call(ThreadUtil.java:52)
at java.util.concurrent.FutureTask.run(FutureTask.java:266)
at java.util.concurrent.ThreadPoolExecutor.runWorker(ThreadPoolExecutor.java:1149)
at java.util.concurrent.ThreadPoolExecutor$Worker.run(ThreadPoolExecutor.java:624)
at java.lang.Thread.run(Thread.java:748)
]]>
            </full-stacktrace>
          </exception> <!-- java.lang.AssertionError -->
          <reporter-output>
          </reporter-output>
        </test-method> <!-- basePage -->
        <test-method status="PASS" signature="teardown()[pri:0, instance:Academy.ValidateTitle@932bc4a]" name="teardown" is-config="true" duration-ms="4892" started-at="2020-08-28T07:14:33Z" finished-at="2020-08-28T07:14:38Z">
          <reporter-output>
          </reporter-output>
        </test-method> <!-- teardown -->
      </class> <!-- Academy.ValidateTitle -->
    </test> <!-- Validating test -->
    <test name="HomePage" duration-ms="48819" started-at="2020-08-28T07:14:04Z" finished-at="2020-08-28T07:14:53Z">
      <class name="Academy.HomePage">
        <test-method status="PASS" signature="basePage(java.lang.String, java.lang.String, java.lang.String)[pri:0, instance:Academy.HomePage@66498326]" name="basePage" duration-ms="29701" started-at="2020-08-28T07:14:04Z" data-provider="getData" finished-at="2020-08-28T07:14:34Z">
          <params>
            <param index="0">
              <value>
                <![CDATA[sahidhussain012@gmail.com]]>
              </value>
            </param>
            <param index="1">
              <value>
                <![CDATA[sahid012]]>
              </value>
            </param>
            <param index="2">
              <value>
                <![CDATA[Restricted student]]>
              </value>
            </param>
          </params>
          <reporter-output>
          </reporter-output>
        </test-method> <!-- basePage -->
        <test-method status="PASS" signature="basePage(java.lang.String, java.lang.String, java.lang.String)[pri:0, instance:Academy.HomePage@66498326]" name="basePage" duration-ms="18729" started-at="2020-08-28T07:14:34Z" data-provider="getData" finished-at="2020-08-28T07:14:53Z">
          <params>
            <param index="0">
              <value>
                <![CDATA[aminhussain255@gmail.com]]>
              </value>
            </param>
            <param index="1">
              <value>
                <![CDATA[amin3154]]>
              </value>
            </param>
            <param index="2">
              <value>
                <![CDATA[Non Restricted student]]>
              </value>
            </param>
          </params>
          <reporter-output>
          </reporter-output>
        </test-method> <!-- basePage -->
        <test-method status="PASS" signature="teardown()[pri:0, instance:Academy.HomePage@66498326]" name="teardown" is-config="true" duration-ms="359" started-at="2020-08-28T07:14:53Z" finished-at="2020-08-28T07:14:53Z">
          <reporter-output>
          </reporter-output>
        </test-method> <!-- teardown -->
      </class> <!-- Academy.HomePage -->
    </test> <!-- HomePage -->
  </suite> <!-- Suite -->
</testng-results>
