<?xml version="1.0" encoding="UTF-8"?>
<testng-results skipped="0" failed="1" total="3" passed="2">
  <reporter-output>
  </reporter-output>
  <suite name="Suite" duration-ms="46512" started-at="2020-08-26T08:31:36Z" finished-at="2020-08-26T08:32:23Z">
    <groups>
    </groups>
    <test name="Validating test" duration-ms="23287" started-at="2020-08-26T08:31:36Z" finished-at="2020-08-26T08:32:00Z">
      <class name="Academy.ValidateTitle">
        <test-method status="PASS" signature="Initialize()[pri:0, instance:Academy.ValidateTitle@2b4bac49]" name="Initialize" is-config="true" duration-ms="22091" started-at="2020-08-26T14:01:36Z" finished-at="2020-08-26T14:01:58Z">
          <reporter-output>
          </reporter-output>
        </test-method> <!-- Initialize -->
        <test-method status="FAIL" signature="basePage()[pri:0, instance:Academy.ValidateTitle@2b4bac49]" name="basePage" duration-ms="165" started-at="2020-08-26T14:01:58Z" finished-at="2020-08-26T14:01:59Z">
          <exception class="java.lang.AssertionError">
            <message>
              <![CDATA[expected [An Academy to learn Everything about Testing] but found [AN ACADEMY TO LEARN EVERYTHING ABOUT TESTING]]]>
            </message>
            <full-stacktrace>
              <![CDATA[java.lang.AssertionError: expected [An Academy to learn Everything about Testing] but found [AN ACADEMY TO LEARN EVERYTHING ABOUT TESTING]
	at org.testng.Assert.fail(Assert.java:94)
	at org.testng.Assert.failNotEquals(Assert.java:513)
	at org.testng.Assert.assertEqualsImpl(Assert.java:135)
	at org.testng.Assert.assertEquals(Assert.java:116)
	at org.testng.Assert.assertEquals(Assert.java:190)
	at org.testng.Assert.assertEquals(Assert.java:200)
	at Academy.ValidateTitle.basePage(ValidateTitle.java:40)
	at sun.reflect.NativeMethodAccessorImpl.invoke0(Native Method)
	at sun.reflect.NativeMethodAccessorImpl.invoke(Unknown Source)
	at sun.reflect.DelegatingMethodAccessorImpl.invoke(Unknown Source)
	at java.lang.reflect.Method.invoke(Unknown Source)
	at org.testng.internal.MethodInvocationHelper.invokeMethod(MethodInvocationHelper.java:86)
	at org.testng.internal.Invoker.invokeMethod(Invoker.java:645)
	at org.testng.internal.Invoker.invokeTestMethod(Invoker.java:822)
	at org.testng.internal.Invoker.invokeTestMethods(Invoker.java:1130)
	at org.testng.internal.TestMethodWorker.invokeTestMethods(TestMethodWorker.java:129)
	at org.testng.internal.TestMethodWorker.run(TestMethodWorker.java:112)
	at org.testng.TestRunner.privateRun(TestRunner.java:782)
	at org.testng.TestRunner.run(TestRunner.java:632)
	at org.testng.SuiteRunner.runTest(SuiteRunner.java:366)
	at org.testng.SuiteRunner.access$000(SuiteRunner.java:39)
	at org.testng.SuiteRunner$SuiteWorker.run(SuiteRunner.java:400)
	at org.testng.internal.thread.ThreadUtil$2.call(ThreadUtil.java:64)
	at java.util.concurrent.FutureTask.run(Unknown Source)
	at java.util.concurrent.ThreadPoolExecutor.runWorker(Unknown Source)
	at java.util.concurrent.ThreadPoolExecutor$Worker.run(Unknown Source)
	at java.lang.Thread.run(Unknown Source)
]]>
            </full-stacktrace>
          </exception> <!-- java.lang.AssertionError -->
          <reporter-output>
          </reporter-output>
        </test-method> <!-- basePage -->
        <test-method status="PASS" signature="teardown()[pri:0, instance:Academy.ValidateTitle@2b4bac49]" name="teardown" is-config="true" duration-ms="352" started-at="2020-08-26T14:01:59Z" finished-at="2020-08-26T14:02:00Z">
          <reporter-output>
          </reporter-output>
        </test-method> <!-- teardown -->
      </class> <!-- Academy.ValidateTitle -->
    </test> <!-- Validating test -->
    <test name="HomePage" duration-ms="46512" started-at="2020-08-26T08:31:36Z" finished-at="2020-08-26T08:32:23Z">
      <class name="Academy.HomePage">
        <test-method status="PASS" signature="basePage(java.lang.String, java.lang.String, java.lang.String)[pri:0, instance:Academy.HomePage@2898ac89]" name="basePage" duration-ms="19639" started-at="2020-08-26T14:01:36Z" data-provider="getData" finished-at="2020-08-26T14:01:56Z">
          <params>
            <param index="0">
              <value>
                <![CDATA[sahidhussain012@gmail.com]]>
              </value>
            </param>
            <param index="1">
              <value>
                <![CDATA[sahid012]]>
              </value>
            </param>
            <param index="2">
              <value>
                <![CDATA[Restricted student]]>
              </value>
            </param>
          </params>
          <reporter-output>
          </reporter-output>
        </test-method> <!-- basePage -->
        <test-method status="PASS" signature="basePage(java.lang.String, java.lang.String, java.lang.String)[pri:0, instance:Academy.HomePage@2898ac89]" name="basePage" duration-ms="26634" started-at="2020-08-26T14:01:56Z" data-provider="getData" finished-at="2020-08-26T14:02:23Z">
          <params>
            <param index="0">
              <value>
                <![CDATA[aminhussain255@gmail.com]]>
              </value>
            </param>
            <param index="1">
              <value>
                <![CDATA[amin3154]]>
              </value>
            </param>
            <param index="2">
              <value>
                <![CDATA[Non Restricted student]]>
              </value>
            </param>
          </params>
          <reporter-output>
          </reporter-output>
        </test-method> <!-- basePage -->
        <test-method status="PASS" signature="teardown()[pri:0, instance:Academy.HomePage@2898ac89]" name="teardown" is-config="true" duration-ms="213" started-at="2020-08-26T14:02:23Z" finished-at="2020-08-26T14:02:23Z">
          <reporter-output>
          </reporter-output>
        </test-method> <!-- teardown -->
      </class> <!-- Academy.HomePage -->
    </test> <!-- HomePage -->
  </suite> <!-- Suite -->
</testng-results>
